[      78ms] [INFO] [mock-commerce] fetch interceptor installed @ http://localhost:3000/scripts/mock-commerce.js:138
[      94ms] [LOG] false @ http://localhost:3000/scripts/__dropins__/tools/event-bus.js:2
[     101ms] [LOG] undefined @ http://localhost:3000/scripts/__dropins__/tools/event-bus.js:2
[     104ms] [LOG] null @ http://localhost:3000/scripts/__dropins__/tools/event-bus.js:2
[     104ms] [LOG] null @ http://localhost:3000/scripts/__dropins__/tools/event-bus.js:2
[     126ms] [WARNING] getConsent not implemented @ http://localhost:3000/scripts/scripts.js:470
[     127ms] [ERROR] Failed to load resource: the server responded with a status of 404 (Not Found) @ http://localhost:3000/mini-cart.plain.html:0
[     127ms] [ERROR] Failed to load resource: the server responded with a status of 404 (Not Found) @ http://localhost:3000/auth/me:0
[     127ms] TypeError: Cannot read properties of null (reading 'firstElementChild')
    at http://localhost:3000/blocks/header/header.js:268:43
[    3132ms] [WARNING] getConsent not implemented @ http://localhost:3000/scripts/scripts.js:470
[    3137ms] [WARNING] Adobe Client Data Layer v2.0.2 has already been imported/initialized on this page. You may be erroneously loading it a second time. @ http://localhost:3000/scripts/commerce-events-sdk.js:1
[ 3130194ms] [INFO] [mock-commerce] fetch interceptor installed @ http://localhost:3000/scripts/mock-commerce.js:138
[ 3130219ms] [LOG] false @ http://localhost:3000/scripts/__dropins__/tools/event-bus.js:2
[ 3130233ms] [LOG] undefined @ http://localhost:3000/scripts/__dropins__/tools/event-bus.js:2
[ 3130238ms] [LOG] null @ http://localhost:3000/scripts/__dropins__/tools/event-bus.js:2
[ 3130238ms] [LOG] null @ http://localhost:3000/scripts/__dropins__/tools/event-bus.js:2
[ 3130554ms] [WARNING] getConsent not implemented @ http://localhost:3000/scripts/scripts.js:470
[ 3130567ms] [ERROR] Failed to load resource: the server responded with a status of 404 (Not Found) @ http://localhost:3000/mini-cart.plain.html:0
[ 3130567ms] TypeError: Cannot read properties of null (reading 'firstElementChild')
    at http://localhost:3000/blocks/header/header.js:268:43
[ 3130578ms] [ERROR] Failed to load resource: the server responded with a status of 404 (Not Found) @ http://localhost:3000/auth/me:0
[ 3133563ms] [WARNING] getConsent not implemented @ http://localhost:3000/scripts/scripts.js:470
[ 3133572ms] [WARNING] Adobe Client Data Layer v2.0.2 has already been imported/initialized on this page. You may be erroneously loading it a second time. @ http://localhost:3000/scripts/commerce-events-sdk.js:1
