[      74ms] [INFO] [mock-commerce] fetch interceptor installed @ http://localhost:3000/scripts/mock-commerce.js:137
[     124ms] [LOG] false @ http://localhost:3000/scripts/__dropins__/tools/event-bus.js:2
[     138ms] [WARNING] [mock-commerce] no recorded response for GET catalog-service-sandbox.adobe.io/graphql sig=4c7efb5dc3172d4a @ http://localhost:3000/scripts/mock-commerce.js:112
[     139ms] [ERROR] Error loading products TypeError: Cannot read properties of null (reading 'productSearch')
    at loadCategory (http://localhost:3000/blocks/product-list-page-custom/product-list-page-custom.js:182:32) @ http://localhost:3000/blocks/product-list-page-custom/product-list-page-custom.js:192
[     143ms] [LOG] null @ http://localhost:3000/scripts/__dropins__/tools/event-bus.js:2
[     143ms] [LOG] null @ http://localhost:3000/scripts/__dropins__/tools/event-bus.js:2
[     210ms] [LOG] undefined @ http://localhost:3000/scripts/__dropins__/tools/event-bus.js:2
[     216ms] [WARNING] [mock-commerce] no recorded response for GET catalog-service-sandbox.adobe.io/graphql sig=4c7efb5dc3172d4a @ http://localhost:3000/scripts/mock-commerce.js:112
[     216ms] [ERROR] Error loading products TypeError: Cannot read properties of null (reading 'productSearch')
    at loadCategory (http://localhost:3000/blocks/product-list-page-custom/product-list-page-custom.js:182:32)
    at async ProductListPage.loadProducts (http://localhost:3000/blocks/product-list-page-custom/product-list-page-custom.js:461:19)
    at async ProductListPage.componentDidMount (http://localhost:3000/blocks/product-list-page-custom/product-list-page-custom.js:469:5) @ http://localhost:3000/blocks/product-list-page-custom/product-list-page-custom.js:192
[    1038ms] [ERROR] Access to fetch at 'https://publish-p190061-e1982485.adobeaemcloud.com/graphql/execute.json/frescopa/ArticleByPath;path=/content/dam/frescopa/en/articles/the-magic-of-espresso;variation=main;ts=136.93710087887834' from origin 'http://localhost:3000' has been blocked by CORS policy: No 'Access-Control-Allow-Origin' header is present on the requested resource. @ http://localhost:3000/coffee:0
[    1039ms] [ERROR] Failed to load resource: net::ERR_FAILED @ https://publish-p190061-e1982485.adobeaemcloud.com/graphql/execute.json/frescopa/ArticleByPath;path=/content/dam/frescopa/en/articles/the-magic-of-espresso;variation=main;ts=136.93710087887834:0
[    1040ms] [LOG] failed to load module for article TypeError: Failed to fetch
    at window.fetch (http://localhost:3000/scripts/mock-commerce.js:135:19)
    at async Module.decorate (http://localhost:3000/blocks/article/article.js:19:17)
    at async http://localhost:3000/scripts/aem.js:566:15 @ http://localhost:3000/scripts/aem.js:569
[    1045ms] [WARNING] [mock-commerce] no recorded response for GET catalog-service-sandbox.adobe.io/graphql sig=a853796c0b1c2b78 @ http://localhost:3000/scripts/mock-commerce.js:112
[    1045ms] [ERROR] Error loading products TypeError: Cannot read properties of null (reading 'productSearch')
    at loadCategory (http://localhost:3000/blocks/product-list-page-custom/product-list-page-custom.js:182:32)
    at async ProductListPage.loadProducts (http://localhost:3000/blocks/product-list-page-custom/product-list-page-custom.js:461:19)
    at async ProductListPage.componentDidMount (http://localhost:3000/blocks/product-list-page-custom/product-list-page-custom.js:469:5) @ http://localhost:3000/blocks/product-list-page-custom/product-list-page-custom.js:192
[    1050ms] [LOG] failed to load module for store-locator TypeError: Cannot read properties of null (reading 'textContent')
    at Module.decorate (http://localhost:3000/blocks/store-locator/store-locator.js:29:41)
    at http://localhost:3000/scripts/aem.js:566:32 @ http://localhost:3000/scripts/aem.js:569
[    1319ms] [WARNING] getConsent not implemented @ http://localhost:3000/scripts/scripts.js:470
[    1365ms] [ERROR] Failed to load resource: the server responded with a status of 404 (Not Found) @ http://localhost:3000/mini-cart.plain.html:0
[    1366ms] TypeError: Cannot read properties of null (reading 'firstElementChild')
    at http://localhost:3000/blocks/header/header.js:268:43
[    1366ms] [ERROR] Failed to load resource: the server responded with a status of 404 (Not Found) @ http://localhost:3000/auth/me:0
[    4331ms] [WARNING] getConsent not implemented @ http://localhost:3000/scripts/scripts.js:470
[    4346ms] [WARNING] Adobe Client Data Layer v2.0.2 has already been imported/initialized on this page. You may be erroneously loading it a second time. @ http://localhost:3000/scripts/commerce-events-sdk.js:1
[   48289ms] [INFO] [mock-commerce] fetch interceptor installed @ http://localhost:3000/scripts/mock-commerce.js:137
[   48321ms] [LOG] false @ http://localhost:3000/scripts/__dropins__/tools/event-bus.js:2
[   48334ms] [LOG] undefined @ http://localhost:3000/scripts/__dropins__/tools/event-bus.js:2
[   48341ms] [LOG] null @ http://localhost:3000/scripts/__dropins__/tools/event-bus.js:2
[   48341ms] [LOG] null @ http://localhost:3000/scripts/__dropins__/tools/event-bus.js:2
[   48343ms] TypeError: Failed to construct 'URL': Invalid URL
    at ProductCard.renderImage (http://localhost:3000/blocks/product-list-page-custom/ProductList.js:40:17)
    at ProductCard.render (http://localhost:3000/blocks/product-list-page-custom/ProductList.js:88:20)
    at se (http://localhost:3000/scripts/__dropins__/tools/chunks/icons/Add.js:3:6447)
    at Be (http://localhost:3000/scripts/__dropins__/tools/chunks/icons/Add.js:3:1880)
    at vt (http://localhost:3000/scripts/__dropins__/tools/chunks/icons/Add.js:3:8464)
    at se (http://localhost:3000/scripts/__dropins__/tools/chunks/icons/Add.js:3:7116)
    at Be (http://localhost:3000/scripts/__dropins__/tools/chunks/icons/Add.js:3:1880)
    at vt (http://localhost:3000/scripts/__dropins__/tools/chunks/icons/Add.js:3:8464)
    at se (http://localhost:3000/scripts/__dropins__/tools/chunks/icons/Add.js:3:7116)
    at Be (http://localhost:3000/scripts/__dropins__/tools/chunks/icons/Add.js:3:1880)
