[      25ms] [INFO] [mock-commerce] fetch interceptor installed @ http://localhost:3000/scripts/mock-commerce.js:137
[      42ms] [LOG] false @ http://localhost:3000/scripts/__dropins__/tools/event-bus.js:2
[      48ms] [LOG] undefined @ http://localhost:3000/scripts/__dropins__/tools/event-bus.js:2
[      51ms] [LOG] null @ http://localhost:3000/scripts/__dropins__/tools/event-bus.js:2
[      51ms] [LOG] null @ http://localhost:3000/scripts/__dropins__/tools/event-bus.js:2
[      51ms] TypeError: Failed to construct 'URL': Invalid URL
    at ProductCard.renderImage (http://localhost:3000/blocks/product-list-page-custom/ProductList.js:40:17)
    at ProductCard.render (http://localhost:3000/blocks/product-list-page-custom/ProductList.js:88:20)
    at se (http://localhost:3000/scripts/__dropins__/tools/chunks/icons/Add.js:3:6447)
    at Be (http://localhost:3000/scripts/__dropins__/tools/chunks/icons/Add.js:3:1880)
    at vt (http://localhost:3000/scripts/__dropins__/tools/chunks/icons/Add.js:3:8464)
    at se (http://localhost:3000/scripts/__dropins__/tools/chunks/icons/Add.js:3:7116)
    at Be (http://localhost:3000/scripts/__dropins__/tools/chunks/icons/Add.js:3:1880)
    at vt (http://localhost:3000/scripts/__dropins__/tools/chunks/icons/Add.js:3:8464)
    at se (http://localhost:3000/scripts/__dropins__/tools/chunks/icons/Add.js:3:7116)
    at Be (http://localhost:3000/scripts/__dropins__/tools/chunks/icons/Add.js:3:1880)
[   46286ms] [INFO] [mock-commerce] fetch interceptor installed @ http://localhost:3000/scripts/mock-commerce.js:138
[   46408ms] [LOG] false @ http://localhost:3000/scripts/__dropins__/tools/event-bus.js:2
[   46416ms] [LOG] undefined @ http://localhost:3000/scripts/__dropins__/tools/event-bus.js:2
[   46420ms] [LOG] null @ http://localhost:3000/scripts/__dropins__/tools/event-bus.js:2
[   46420ms] [LOG] null @ http://localhost:3000/scripts/__dropins__/tools/event-bus.js:2
[   46420ms] TypeError: Failed to construct 'URL': Invalid URL
    at ProductCard.renderImage (http://localhost:3000/blocks/product-list-page-custom/ProductList.js:40:17)
    at ProductCard.render (http://localhost:3000/blocks/product-list-page-custom/ProductList.js:88:20)
    at se (http://localhost:3000/scripts/__dropins__/tools/chunks/icons/Add.js:3:6447)
    at Be (http://localhost:3000/scripts/__dropins__/tools/chunks/icons/Add.js:3:1880)
    at vt (http://localhost:3000/scripts/__dropins__/tools/chunks/icons/Add.js:3:8464)
    at se (http://localhost:3000/scripts/__dropins__/tools/chunks/icons/Add.js:3:7116)
    at Be (http://localhost:3000/scripts/__dropins__/tools/chunks/icons/Add.js:3:1880)
    at vt (http://localhost:3000/scripts/__dropins__/tools/chunks/icons/Add.js:3:8464)
    at se (http://localhost:3000/scripts/__dropins__/tools/chunks/icons/Add.js:3:7116)
    at Be (http://localhost:3000/scripts/__dropins__/tools/chunks/icons/Add.js:3:1880)
[   53206ms] [INFO] [mock-commerce] fetch interceptor installed @ http://localhost:3000/scripts/mock-commerce.js:138
[   53225ms] [LOG] false @ http://localhost:3000/scripts/__dropins__/tools/event-bus.js:2
[   53231ms] [LOG] undefined @ http://localhost:3000/scripts/__dropins__/tools/event-bus.js:2
[   53237ms] [LOG] null @ http://localhost:3000/scripts/__dropins__/tools/event-bus.js:2
[   53237ms] [LOG] null @ http://localhost:3000/scripts/__dropins__/tools/event-bus.js:2
[   53241ms] [ERROR] Failed to load resource: net::ERR_SSL_PROTOCOL_ERROR @ https://localhost:3000/mock-assets/urn_aaid_aem_5f861728-7e97-4513-ab01-d6d174f244d6.avif:0
[   53241ms] [ERROR] Failed to load resource: net::ERR_SSL_PROTOCOL_ERROR @ https://localhost:3000/mock-assets/urn_aaid_aem_dbeb9144-875c-4965-8af5-36c96c436c28.avif:0
[   53241ms] [ERROR] Failed to load resource: net::ERR_SSL_PROTOCOL_ERROR @ https://localhost:3000/mock-assets/urn_aaid_aem_d6363ad1-7b18-4bf6-859c-899108e7fe5e.avif:0
[   53847ms] [ERROR] Access to fetch at 'https://publish-p190061-e1982485.adobeaemcloud.com/graphql/execute.json/frescopa/ArticleByPath;path=/content/dam/frescopa/en/articles/the-magic-of-espresso;variation=main;ts=294.5908920936979' from origin 'http://localhost:3000' has been blocked by CORS policy: No 'Access-Control-Allow-Origin' header is present on the requested resource. @ http://localhost:3000/coffee:0
[   53847ms] [ERROR] Failed to load resource: net::ERR_FAILED @ https://publish-p190061-e1982485.adobeaemcloud.com/graphql/execute.json/frescopa/ArticleByPath;path=/content/dam/frescopa/en/articles/the-magic-of-espresso;variation=main;ts=294.5908920936979:0
[   53847ms] [LOG] failed to load module for article TypeError: Failed to fetch
    at window.fetch (http://localhost:3000/scripts/mock-commerce.js:136:19)
    at async Module.decorate (http://localhost:3000/blocks/article/article.js:19:17)
    at async http://localhost:3000/scripts/aem.js:566:15 @ http://localhost:3000/scripts/aem.js:569
[   53857ms] [LOG] failed to load module for store-locator TypeError: Cannot read properties of null (reading 'textContent')
    at Module.decorate (http://localhost:3000/blocks/store-locator/store-locator.js:29:41)
    at http://localhost:3000/scripts/aem.js:566:32 @ http://localhost:3000/scripts/aem.js:569
[   53857ms] [ERROR] Failed to load resource: net::ERR_SSL_PROTOCOL_ERROR @ https://localhost:3000/mock-assets/urn_aaid_aem_0eff15fc-5599-4b47-8b52-cd1a788bc2da.avif:0
[   53924ms] [WARNING] getConsent not implemented @ http://localhost:3000/scripts/scripts.js:470
[   53970ms] [ERROR] Failed to load resource: the server responded with a status of 404 (Not Found) @ http://localhost:3000/mini-cart.plain.html:0
[   53970ms] TypeError: Cannot read properties of null (reading 'firstElementChild')
    at http://localhost:3000/blocks/header/header.js:268:43
[   53975ms] [ERROR] Failed to load resource: the server responded with a status of 404 (Not Found) @ http://localhost:3000/auth/me:0
[   56929ms] [WARNING] getConsent not implemented @ http://localhost:3000/scripts/scripts.js:470
[   56934ms] [WARNING] Adobe Client Data Layer v2.0.2 has already been imported/initialized on this page. You may be erroneously loading it a second time. @ http://localhost:3000/scripts/commerce-events-sdk.js:1
