[     374ms] [INFO] [mock-commerce] fetch interceptor installed @ http://localhost:3000/scripts/mock-commerce.js:138
[     396ms] [LOG] false @ http://localhost:3000/scripts/__dropins__/tools/event-bus.js:2
[     402ms] [LOG] null @ http://localhost:3000/scripts/__dropins__/tools/event-bus.js:2
[     402ms] [LOG] null @ http://localhost:3000/scripts/__dropins__/tools/event-bus.js:2
[     405ms] [LOG] {name: Insulated Travel Thermos, sku: ITT743, isBundle: false, addToCartAllowed: true, inStock: true} @ http://localhost:3000/scripts/__dropins__/tools/event-bus.js:2
[     406ms] [LOG] {sku: itt743, quantity: 1, optionsUIDs: Array(0)} @ http://localhost:3000/scripts/__dropins__/tools/event-bus.js:2
[     406ms] [LOG] true @ http://localhost:3000/scripts/__dropins__/tools/event-bus.js:2
[     431ms] [LOG] undefined @ http://localhost:3000/scripts/__dropins__/tools/event-bus.js:2
[     432ms] [WARNING] [mock-commerce] no recorded response for GET catalog-service-sandbox.adobe.io/graphql sig=6d3850d1377a17f8 @ http://localhost:3000/scripts/mock-commerce.js:112
[     442ms] [WARNING] getConsent not implemented @ http://localhost:3000/scripts/scripts.js:470
[     442ms] [ERROR] Failed to load resource: the server responded with a status of 404 (Not Found) @ http://localhost:3000/mini-cart.plain.html:0
[     442ms] [ERROR] Failed to load resource: the server responded with a status of 404 (Not Found) @ http://localhost:3000/auth/me:0
[     442ms] TypeError: Cannot read properties of null (reading 'firstElementChild')
    at http://localhost:3000/blocks/header/header.js:268:43
[    3450ms] [WARNING] getConsent not implemented @ http://localhost:3000/scripts/scripts.js:470
[    3455ms] [WARNING] Adobe Client Data Layer v2.0.2 has already been imported/initialized on this page. You may be erroneously loading it a second time. @ http://localhost:3000/scripts/commerce-events-sdk.js:1
[  146406ms] [INFO] [mock-commerce] fetch interceptor installed @ http://localhost:3000/scripts/mock-commerce.js:138
[  146429ms] [LOG] false @ http://localhost:3000/scripts/__dropins__/tools/event-bus.js:2
[  146441ms] [LOG] null @ http://localhost:3000/scripts/__dropins__/tools/event-bus.js:2
[  146442ms] [LOG] null @ http://localhost:3000/scripts/__dropins__/tools/event-bus.js:2
[  146442ms] [LOG] {name: Insulated Travel Thermos, sku: ITT743, isBundle: false, addToCartAllowed: true, inStock: true} @ http://localhost:3000/scripts/__dropins__/tools/event-bus.js:2
[  146442ms] [LOG] {sku: itt743, quantity: 1, optionsUIDs: Array(0)} @ http://localhost:3000/scripts/__dropins__/tools/event-bus.js:2
[  146442ms] [LOG] true @ http://localhost:3000/scripts/__dropins__/tools/event-bus.js:2
[  146452ms] [LOG] undefined @ http://localhost:3000/scripts/__dropins__/tools/event-bus.js:2
[  146453ms] [WARNING] [mock-commerce] no recorded response for GET catalog-service-sandbox.adobe.io/graphql sig=6d3850d1377a17f8 @ http://localhost:3000/scripts/mock-commerce.js:112
[  146487ms] [WARNING] getConsent not implemented @ http://localhost:3000/scripts/scripts.js:470
[  146509ms] [ERROR] Failed to load resource: the server responded with a status of 404 (Not Found) @ http://localhost:3000/mini-cart.plain.html:0
[  146509ms] TypeError: Cannot read properties of null (reading 'firstElementChild')
    at http://localhost:3000/blocks/header/header.js:276:43
[  146510ms] [ERROR] Failed to load resource: the server responded with a status of 404 (Not Found) @ http://localhost:3000/auth/me:0
[  149491ms] [WARNING] getConsent not implemented @ http://localhost:3000/scripts/scripts.js:470
[  149494ms] [WARNING] Adobe Client Data Layer v2.0.2 has already been imported/initialized on this page. You may be erroneously loading it a second time. @ http://localhost:3000/scripts/commerce-events-sdk.js:1
