[      27ms] [INFO] [mock-commerce] fetch interceptor installed @ http://localhost:3000/scripts/mock-commerce.js:138
[      46ms] [LOG] false @ http://localhost:3000/scripts/__dropins__/tools/event-bus.js:2
[      52ms] [LOG] undefined @ http://localhost:3000/scripts/__dropins__/tools/event-bus.js:2
[      54ms] [LOG] null @ http://localhost:3000/scripts/__dropins__/tools/event-bus.js:2
[      54ms] [LOG] null @ http://localhost:3000/scripts/__dropins__/tools/event-bus.js:2
[      58ms] [ERROR] Failed to load resource: net::ERR_SSL_PROTOCOL_ERROR @ https://localhost:3000/mock-assets/urn_aaid_aem_5f861728-7e97-4513-ab01-d6d174f244d6.avif:0
[      58ms] [ERROR] Failed to load resource: net::ERR_SSL_PROTOCOL_ERROR @ https://localhost:3000/mock-assets/urn_aaid_aem_dbeb9144-875c-4965-8af5-36c96c436c28.avif:0
[      58ms] [ERROR] Failed to load resource: net::ERR_SSL_PROTOCOL_ERROR @ https://localhost:3000/mock-assets/urn_aaid_aem_d6363ad1-7b18-4bf6-859c-899108e7fe5e.avif:0
[     656ms] [ERROR] Access to fetch at 'https://publish-p190061-e1982485.adobeaemcloud.com/graphql/execute.json/frescopa/ArticleByPath;path=/content/dam/frescopa/en/articles/the-magic-of-espresso;variation=main;ts=686.9408082473886' from origin 'http://localhost:3000' has been blocked by CORS policy: No 'Access-Control-Allow-Origin' header is present on the requested resource. @ http://localhost:3000/coffee:0
[     656ms] [ERROR] Failed to load resource: net::ERR_FAILED @ https://publish-p190061-e1982485.adobeaemcloud.com/graphql/execute.json/frescopa/ArticleByPath;path=/content/dam/frescopa/en/articles/the-magic-of-espresso;variation=main;ts=686.9408082473886:0
[     656ms] [LOG] failed to load module for article TypeError: Failed to fetch
    at window.fetch (http://localhost:3000/scripts/mock-commerce.js:136:19)
    at async Module.decorate (http://localhost:3000/blocks/article/article.js:19:17)
    at async http://localhost:3000/scripts/aem.js:566:15 @ http://localhost:3000/scripts/aem.js:569
[     668ms] [ERROR] Failed to load resource: net::ERR_SSL_PROTOCOL_ERROR @ https://localhost:3000/mock-assets/urn_aaid_aem_0eff15fc-5599-4b47-8b52-cd1a788bc2da.avif:0
[     668ms] [LOG] failed to load module for store-locator TypeError: Cannot read properties of null (reading 'textContent')
    at Module.decorate (http://localhost:3000/blocks/store-locator/store-locator.js:29:41)
    at http://localhost:3000/scripts/aem.js:566:32 @ http://localhost:3000/scripts/aem.js:569
[     687ms] [WARNING] getConsent not implemented @ http://localhost:3000/scripts/scripts.js:470
[     687ms] [ERROR] Failed to load resource: the server responded with a status of 404 (Not Found) @ http://localhost:3000/mini-cart.plain.html:0
[     687ms] [ERROR] Failed to load resource: the server responded with a status of 404 (Not Found) @ http://localhost:3000/auth/me:0
[     687ms] TypeError: Cannot read properties of null (reading 'firstElementChild')
    at http://localhost:3000/blocks/header/header.js:268:43
[    3691ms] [WARNING] getConsent not implemented @ http://localhost:3000/scripts/scripts.js:470
[    3693ms] [WARNING] Adobe Client Data Layer v2.0.2 has already been imported/initialized on this page. You may be erroneously loading it a second time. @ http://localhost:3000/scripts/commerce-events-sdk.js:1
[   48750ms] [INFO] [mock-commerce] fetch interceptor installed @ http://localhost:3000/scripts/mock-commerce.js:138
[   48799ms] [LOG] false @ http://localhost:3000/scripts/__dropins__/tools/event-bus.js:2
[   48806ms] [LOG] undefined @ http://localhost:3000/scripts/__dropins__/tools/event-bus.js:2
[   48809ms] [LOG] null @ http://localhost:3000/scripts/__dropins__/tools/event-bus.js:2
[   48809ms] [LOG] null @ http://localhost:3000/scripts/__dropins__/tools/event-bus.js:2
[   49414ms] [ERROR] Access to fetch at 'https://publish-p190061-e1982485.adobeaemcloud.com/graphql/execute.json/frescopa/ArticleByPath;path=/content/dam/frescopa/en/articles/the-magic-of-espresso;variation=main;ts=259.674347726389' from origin 'http://localhost:3000' has been blocked by CORS policy: No 'Access-Control-Allow-Origin' header is present on the requested resource. @ http://localhost:3000/coffee:0
[   49414ms] [ERROR] Failed to load resource: net::ERR_FAILED @ https://publish-p190061-e1982485.adobeaemcloud.com/graphql/execute.json/frescopa/ArticleByPath;path=/content/dam/frescopa/en/articles/the-magic-of-espresso;variation=main;ts=259.674347726389:0
[   49414ms] [LOG] failed to load module for article TypeError: Failed to fetch
    at window.fetch (http://localhost:3000/scripts/mock-commerce.js:136:19)
    at async Module.decorate (http://localhost:3000/blocks/article/article.js:19:17)
    at async http://localhost:3000/scripts/aem.js:566:15 @ http://localhost:3000/scripts/aem.js:569
[   49419ms] [LOG] failed to load module for store-locator TypeError: Cannot read properties of null (reading 'textContent')
    at Module.decorate (http://localhost:3000/blocks/store-locator/store-locator.js:29:41)
    at http://localhost:3000/scripts/aem.js:566:32 @ http://localhost:3000/scripts/aem.js:569
[   49431ms] [WARNING] getConsent not implemented @ http://localhost:3000/scripts/scripts.js:470
[   49431ms] [ERROR] Failed to load resource: the server responded with a status of 404 (Not Found) @ http://localhost:3000/mini-cart.plain.html:0
[   49431ms] [ERROR] Failed to load resource: the server responded with a status of 404 (Not Found) @ http://localhost:3000/auth/me:0
[   49431ms] TypeError: Cannot read properties of null (reading 'firstElementChild')
    at http://localhost:3000/blocks/header/header.js:268:43
[   52434ms] [WARNING] getConsent not implemented @ http://localhost:3000/scripts/scripts.js:470
[   52436ms] [WARNING] Adobe Client Data Layer v2.0.2 has already been imported/initialized on this page. You may be erroneously loading it a second time. @ http://localhost:3000/scripts/commerce-events-sdk.js:1
