[      51ms] [INFO] [mock-commerce] fetch interceptor installed @ http://localhost:3000/scripts/mock-commerce.js:138
[      68ms] [LOG] false @ http://localhost:3000/scripts/__dropins__/tools/event-bus.js:2
[      78ms] [LOG] null @ http://localhost:3000/scripts/__dropins__/tools/event-bus.js:2
[      78ms] [LOG] null @ http://localhost:3000/scripts/__dropins__/tools/event-bus.js:2
[      83ms] [LOG] {name: House Blend - Dark Roast, sku: HBDR212, isBundle: false, addToCartAllowed: true, inStock: true} @ http://localhost:3000/scripts/__dropins__/tools/event-bus.js:2
[      83ms] [LOG] {sku: hbdr212, quantity: 1, optionsUIDs: Array(0)} @ http://localhost:3000/scripts/__dropins__/tools/event-bus.js:2
[      83ms] [LOG] true @ http://localhost:3000/scripts/__dropins__/tools/event-bus.js:2
[     110ms] [LOG] undefined @ http://localhost:3000/scripts/__dropins__/tools/event-bus.js:2
[     111ms] [WARNING] [mock-commerce] no recorded response for GET catalog-service-sandbox.adobe.io/graphql sig=95e95e7f9cb48f31 @ http://localhost:3000/scripts/mock-commerce.js:112
[     121ms] [WARNING] getConsent not implemented @ http://localhost:3000/scripts/scripts.js:470
[     122ms] [ERROR] Failed to load resource: the server responded with a status of 404 (Not Found) @ http://localhost:3000/mini-cart.plain.html:0
[     122ms] [ERROR] Failed to load resource: the server responded with a status of 404 (Not Found) @ http://localhost:3000/auth/me:0
[     122ms] TypeError: Cannot read properties of null (reading 'firstElementChild')
    at http://localhost:3000/blocks/header/header.js:268:43
[    3125ms] [WARNING] getConsent not implemented @ http://localhost:3000/scripts/scripts.js:470
[    3127ms] [WARNING] Adobe Client Data Layer v2.0.2 has already been imported/initialized on this page. You may be erroneously loading it a second time. @ http://localhost:3000/scripts/commerce-events-sdk.js:1
[  461086ms] [INFO] [mock-commerce] fetch interceptor installed @ http://localhost:3000/scripts/mock-commerce.js:138
[  461115ms] [LOG] false @ http://localhost:3000/scripts/__dropins__/tools/event-bus.js:2
[  461126ms] [LOG] null @ http://localhost:3000/scripts/__dropins__/tools/event-bus.js:2
[  461126ms] [LOG] null @ http://localhost:3000/scripts/__dropins__/tools/event-bus.js:2
[  461136ms] [LOG] {name: House Blend - Dark Roast, sku: HBDR212, isBundle: false, addToCartAllowed: true, inStock: true} @ http://localhost:3000/scripts/__dropins__/tools/event-bus.js:2
[  461136ms] [LOG] {sku: hbdr212, quantity: 1, optionsUIDs: Array(0)} @ http://localhost:3000/scripts/__dropins__/tools/event-bus.js:2
[  461136ms] [LOG] true @ http://localhost:3000/scripts/__dropins__/tools/event-bus.js:2
[  461147ms] [LOG] undefined @ http://localhost:3000/scripts/__dropins__/tools/event-bus.js:2
[  461148ms] [WARNING] [mock-commerce] no recorded response for GET catalog-service-sandbox.adobe.io/graphql sig=95e95e7f9cb48f31 @ http://localhost:3000/scripts/mock-commerce.js:112
[  461180ms] [WARNING] getConsent not implemented @ http://localhost:3000/scripts/scripts.js:470
[  461202ms] [ERROR] Failed to load resource: the server responded with a status of 404 (Not Found) @ http://localhost:3000/mini-cart.plain.html:0
[  461202ms] [ERROR] Failed to load resource: the server responded with a status of 404 (Not Found) @ http://localhost:3000/auth/me:0
[  461202ms] TypeError: Cannot read properties of null (reading 'firstElementChild')
    at http://localhost:3000/blocks/header/header.js:268:43
[  464185ms] [WARNING] getConsent not implemented @ http://localhost:3000/scripts/scripts.js:470
[  464188ms] [WARNING] Adobe Client Data Layer v2.0.2 has already been imported/initialized on this page. You may be erroneously loading it a second time. @ http://localhost:3000/scripts/commerce-events-sdk.js:1
