[      31ms] [INFO] [mock-commerce] fetch interceptor installed @ http://localhost:3000/scripts/mock-commerce.js:138
[      48ms] [LOG] false @ http://localhost:3000/scripts/__dropins__/tools/event-bus.js:2
[      53ms] [LOG] undefined @ http://localhost:3000/scripts/__dropins__/tools/event-bus.js:2
[      56ms] [LOG] null @ http://localhost:3000/scripts/__dropins__/tools/event-bus.js:2
[      56ms] [LOG] null @ http://localhost:3000/scripts/__dropins__/tools/event-bus.js:2
[     634ms] [ERROR] Access to fetch at 'https://publish-p190061-e1982485.adobeaemcloud.com/graphql/execute.json/frescopa/ArticleByPath;path=/content/dam/frescopa/en/articles/the-magic-of-espresso;variation=main;ts=706.7413069319591' from origin 'http://localhost:3000' has been blocked by CORS policy: No 'Access-Control-Allow-Origin' header is present on the requested resource. @ http://localhost:3000/coffee:0
[     634ms] [ERROR] Failed to load resource: net::ERR_FAILED @ https://publish-p190061-e1982485.adobeaemcloud.com/graphql/execute.json/frescopa/ArticleByPath;path=/content/dam/frescopa/en/articles/the-magic-of-espresso;variation=main;ts=706.7413069319591:0
[     634ms] [LOG] failed to load module for article TypeError: Failed to fetch
    at window.fetch (http://localhost:3000/scripts/mock-commerce.js:136:19)
    at async Module.decorate (http://localhost:3000/blocks/article/article.js:19:17)
    at async http://localhost:3000/scripts/aem.js:566:15 @ http://localhost:3000/scripts/aem.js:569
[     644ms] [LOG] failed to load module for store-locator TypeError: Cannot read properties of null (reading 'textContent')
    at Module.decorate (http://localhost:3000/blocks/store-locator/store-locator.js:29:41)
    at http://localhost:3000/scripts/aem.js:566:32 @ http://localhost:3000/scripts/aem.js:569
[     705ms] [WARNING] getConsent not implemented @ http://localhost:3000/scripts/scripts.js:470
[     751ms] [ERROR] Failed to load resource: the server responded with a status of 404 (Not Found) @ http://localhost:3000/mini-cart.plain.html:0
[     752ms] TypeError: Cannot read properties of null (reading 'firstElementChild')
    at http://localhost:3000/blocks/header/header.js:268:43
[     752ms] [ERROR] Failed to load resource: the server responded with a status of 404 (Not Found) @ http://localhost:3000/auth/me:0
[    3708ms] [WARNING] getConsent not implemented @ http://localhost:3000/scripts/scripts.js:470
[    3710ms] [WARNING] Adobe Client Data Layer v2.0.2 has already been imported/initialized on this page. You may be erroneously loading it a second time. @ http://localhost:3000/scripts/commerce-events-sdk.js:1
